<?xml version="1.0" encoding="UTF-8"?>
<!-- Generated by org.testng.reporters.JUnitXMLReporter -->
<testsuite hostname="MSBCPC641" name="SalesForce" tests="1" failures="0" timestamp="22 Oct 2021 08:36:29 GMT" time="0.062" errors="0">
  <testcase name="@BeforeClass initialize" time="0.0" classname="salesforce_Tests.ContactUsTest">
    <failure type="java.lang.Exception" message="Browser is not correct">
      <![CDATA[java.lang.Exception: Browser is not correct
	at salesforce_Tests.BaseTest.initialize(BaseTest.java:52)
... Removed 24 stack frames]]>
    </failure>
  </testcase> <!-- @BeforeClass initialize -->
  <testcase name="ViewMenu" time="0.001" classname="salesforce_Tests.ContactUsTest">
    <skipped/>
  </testcase> <!-- ViewMenu -->
</testsuite> <!-- SalesForce -->
