<?xml version="1.0" encoding="UTF-8"?>
<!-- Generated by org.testng.reporters.JUnitXMLReporter -->
<testsuite hostname="MSBCPC641" name="Command line test" tests="3" failures="0" timestamp="25 Oct 2021 08:54:59 GMT" time="10.341" errors="0">
  <testcase name="ViewMenu" time="0.915" classname="salesforce_Tests.HomeTest"/>
  <testcase name="ClickOnContactUS_Link" time="0.227" classname="salesforce_Tests.ContactUsTest"/>
  <testcase name="GoToContactUsPage" time="9.191" classname="salesforce_Tests.ContactUsTest"/>
</testsuite> <!-- Command line test -->
