<?xml version="1.0" encoding="UTF-8"?>
<testng-results skipped="0" failed="0" total="1" passed="1">
  <reporter-output>
  </reporter-output>
  <suite name="Suite" duration-ms="82233" started-at="2021-10-20T12:33:51Z" finished-at="2021-10-20T12:35:14Z">
    <groups>
    </groups>
    <test name="SalesForce" duration-ms="82233" started-at="2021-10-20T12:33:51Z" finished-at="2021-10-20T12:35:14Z">
      <class name="salesforce_Tests.HomeTest">
        <test-method status="PASS" signature="initialize(java.lang.String)[pri:0, instance:salesforce_Tests.HomeTest@2d3fcdbd]" name="initialize" is-config="true" duration-ms="75996" started-at="2021-10-20T18:03:51Z" finished-at="2021-10-20T18:05:07Z">
          <params>
            <param index="0">
              <value>
                <![CDATA[firefox]]>
              </value>
            </param>
          </params>
          <reporter-output>
          </reporter-output>
        </test-method> <!-- initialize -->
        <test-method status="PASS" signature="ViewMenu()[pri:0, instance:salesforce_Tests.HomeTest@2d3fcdbd]" name="ViewMenu" duration-ms="6153" started-at="2021-10-20T18:05:08Z" finished-at="2021-10-20T18:05:14Z">
          <reporter-output>
          </reporter-output>
        </test-method> <!-- ViewMenu -->
        <test-method status="PASS" signature="TeardownTest()[pri:0, instance:salesforce_Tests.HomeTest@2d3fcdbd]" name="TeardownTest" is-config="true" duration-ms="4490" started-at="2021-10-20T18:05:14Z" finished-at="2021-10-20T18:05:18Z">
          <reporter-output>
          </reporter-output>
        </test-method> <!-- TeardownTest -->
      </class> <!-- salesforce_Tests.HomeTest -->
    </test> <!-- SalesForce -->
  </suite> <!-- Suite -->
</testng-results>
