<?xml version="1.0" encoding="UTF-8"?>
<testng-results skipped="1" failed="0" total="1" passed="0">
  <reporter-output>
  </reporter-output>
  <suite name="Suite" duration-ms="62" started-at="2021-10-22T08:36:28Z" finished-at="2021-10-22T08:36:28Z">
    <groups>
    </groups>
    <test name="SalesForce" duration-ms="62" started-at="2021-10-22T08:36:28Z" finished-at="2021-10-22T08:36:28Z">
      <class name="salesforce_Tests.ContactUsTest">
        <test-method status="FAIL" signature="initialize(java.lang.String)[pri:0, instance:salesforce_Tests.ContactUsTest@39c0f4a]" name="initialize" is-config="true" duration-ms="0" started-at="2021-10-22T14:06:28Z" finished-at="2021-10-22T14:06:28Z">
          <params>
            <param index="0">
              <value>
                <![CDATA[$browser]]>
              </value>
            </param>
          </params>
          <exception class="java.lang.Exception">
            <message>
              <![CDATA[Browser is not correct]]>
            </message>
            <full-stacktrace>
              <![CDATA[java.lang.Exception: Browser is not correct
	at salesforce_Tests.BaseTest.initialize(BaseTest.java:52)
	at sun.reflect.NativeMethodAccessorImpl.invoke0(Native Method)
	at sun.reflect.NativeMethodAccessorImpl.invoke(NativeMethodAccessorImpl.java:62)
	at sun.reflect.DelegatingMethodAccessorImpl.invoke(DelegatingMethodAccessorImpl.java:43)
	at java.lang.reflect.Method.invoke(Method.java:498)
	at org.testng.internal.MethodInvocationHelper.invokeMethod(MethodInvocationHelper.java:80)
	at org.testng.internal.Invoker.invokeConfigurationMethod(Invoker.java:564)
	at org.testng.internal.Invoker.invokeConfigurations(Invoker.java:213)
	at org.testng.internal.Invoker.invokeConfigurations(Invoker.java:138)
	at org.testng.internal.TestMethodWorker.invokeBeforeClassMethods(TestMethodWorker.java:175)
	at org.testng.internal.TestMethodWorker.run(TestMethodWorker.java:107)
	at org.testng.TestRunner.privateRun(TestRunner.java:767)
	at org.testng.TestRunner.run(TestRunner.java:617)
	at org.testng.SuiteRunner.runTest(SuiteRunner.java:334)
	at org.testng.SuiteRunner.runSequentially(SuiteRunner.java:329)
	at org.testng.SuiteRunner.privateRun(SuiteRunner.java:291)
	at org.testng.SuiteRunner.run(SuiteRunner.java:240)
	at org.testng.SuiteRunnerWorker.runSuite(SuiteRunnerWorker.java:52)
	at org.testng.SuiteRunnerWorker.run(SuiteRunnerWorker.java:86)
	at org.testng.TestNG.runSuitesSequentially(TestNG.java:1198)
	at org.testng.TestNG.runSuitesLocally(TestNG.java:1123)
	at org.testng.TestNG.run(TestNG.java:1031)
	at org.testng.remote.AbstractRemoteTestNG.run(AbstractRemoteTestNG.java:115)
	at org.testng.remote.RemoteTestNG.initAndRun(RemoteTestNG.java:251)
	at org.testng.remote.RemoteTestNG.main(RemoteTestNG.java:77)
]]>
            </full-stacktrace>
          </exception> <!-- java.lang.Exception -->
          <reporter-output>
          </reporter-output>
        </test-method> <!-- initialize -->
        <test-method status="SKIP" signature="ViewMenu()[pri:0, instance:salesforce_Tests.ContactUsTest@39c0f4a]" name="ViewMenu" duration-ms="1" started-at="2021-10-22T14:06:28Z" finished-at="2021-10-22T14:06:28Z">
          <reporter-output>
          </reporter-output>
        </test-method> <!-- ViewMenu -->
        <test-method status="SKIP" signature="TeardownTest()[pri:0, instance:salesforce_Tests.ContactUsTest@39c0f4a]" name="TeardownTest" is-config="true" duration-ms="0" started-at="2021-10-22T14:06:29Z" finished-at="2021-10-22T14:06:29Z">
          <reporter-output>
          </reporter-output>
        </test-method> <!-- TeardownTest -->
      </class> <!-- salesforce_Tests.ContactUsTest -->
    </test> <!-- SalesForce -->
  </suite> <!-- Suite -->
</testng-results>
